<?xml version="1.0" encoding="UTF-8"?>
<!-- Generated by org.testng.reporters.JUnitXMLReporter -->
<testsuite hostname="DESKTOP-VINC94V" ignored="0" name="Default test" tests="6" failures="0" timestamp="2020-04-16T11:41:11 IST" time="49.323" errors="0">
  <testcase name="login" time="15.383" classname="com.automation.LMX"/>
  <testcase name="products" time="4.185" classname="com.automation.LMX"/>
  <testcase name="experiences" time="4.186" classname="com.automation.LMX"/>
  <testcase name="videos" time="4.137" classname="com.automation.LMX"/>
  <testcase name="tools" time="4.129" classname="com.automation.LMX"/>
  <testcase name="search" time="11.637" classname="com.automation.LMX"/>
</testsuite> <!-- Default test -->
