<?xml version="1.0" encoding="UTF-8"?>
<!-- Generated by org.testng.reporters.JUnitXMLReporter -->
<testsuite hostname="DESKTOP-VINC94V" ignored="0" name="Default test" tests="3" failures="0" timestamp="2020-04-17T11:54:51 IST" time="80.828" errors="0">
  <testcase name="login" time="35.232" classname="com.automation.OrderPlacedE2E"/>
  <testcase name="purchase" time="22.415" classname="com.automation.OrderPlacedE2E"/>
  <testcase name="placingorder" time="17.849" classname="com.automation.OrderPlacedE2E"/>
</testsuite> <!-- Default test -->
