<?xml version="1.0" encoding="UTF-8"?>
<testng-results skipped="0" failed="0" ignored="0" total="1" passed="1">
  <reporter-output>
  </reporter-output>
  <suite name="Default suite" duration-ms="30941" started-at="2020-04-17T12:31:37 IST" finished-at="2020-04-17T12:32:08 IST">
    <groups>
    </groups>
    <test name="Default test" duration-ms="30941" started-at="2020-04-17T12:31:37 IST" finished-at="2020-04-17T12:32:08 IST">
      <class name="com.automation.WindowHandling">
        <test-method status="PASS" signature="driverSetup()[pri:0, instance:com.automation.WindowHandling@10bbd20a]" name="driverSetup" is-config="true" duration-ms="6813" started-at="2020-04-17T12:31:37 IST" finished-at="2020-04-17T12:31:44 IST">
          <reporter-output>
          </reporter-output>
        </test-method> <!-- driverSetup -->
        <test-method status="PASS" signature="windowhandle()[pri:0, instance:com.automation.WindowHandling@10bbd20a]" name="windowhandle" duration-ms="23334" started-at="2020-04-17T12:31:44 IST" finished-at="2020-04-17T12:32:07 IST">
          <reporter-output>
          </reporter-output>
        </test-method> <!-- windowhandle -->
        <test-method status="PASS" signature="teardown()[pri:0, instance:com.automation.WindowHandling@10bbd20a]" name="teardown" is-config="true" duration-ms="726" started-at="2020-04-17T12:32:07 IST" finished-at="2020-04-17T12:32:08 IST">
          <reporter-output>
          </reporter-output>
        </test-method> <!-- teardown -->
      </class> <!-- com.automation.WindowHandling -->
    </test> <!-- Default test -->
  </suite> <!-- Default suite -->
</testng-results>
